{"/Users/stratis/dev/jscript/gen-funcs/src/index.ts": {"path":"/Users/stratis/dev/jscript/gen-funcs/src/index.ts","statementMap":{"0":{"start":{"line":1,"column":0},"end":{"line":1,"column":8}},"1":{"start":{"line":1,"column":8},"end":{"line":1,"column":19}},"2":{"start":{"line":1,"column":19},"end":{"line":1,"column":23}},"3":{"start":{"line":1,"column":23},"end":{"line":1,"column":27}},"4":{"start":{"line":1,"column":27},"end":{"line":1,"column":34}},"5":{"start":{"line":1,"column":34},"end":{"line":1,"column":55}},"6":{"start":{"line":2,"column":0},"end":{"line":2,"column":8}},"7":{"start":{"line":2,"column":8},"end":{"line":2,"column":29}},"8":{"start":{"line":3,"column":0},"end":{"line":3,"column":8}},"9":{"start":{"line":3,"column":8},"end":{"line":3,"column":21}},"10":{"start":{"line":3,"column":21},"end":{"line":3,"column":36}},"11":{"start":{"line":3,"column":36},"end":{"line":3,"column":58}},"12":{"start":{"line":4,"column":0},"end":{"line":4,"column":null}},"13":{"start":{"line":5,"column":2},"end":{"line":5,"column":null}},"14":{"start":{"line":6,"column":2},"end":{"line":6,"column":null}},"15":{"start":{"line":7,"column":2},"end":{"line":7,"column":null}},"16":{"start":{"line":8,"column":2},"end":{"line":8,"column":null}},"17":{"start":{"line":9,"column":2},"end":{"line":9,"column":null}},"18":{"start":{"line":10,"column":2},"end":{"line":10,"column":null}},"19":{"start":{"line":11,"column":2},"end":{"line":11,"column":null}},"20":{"start":{"line":12,"column":2},"end":{"line":12,"column":null}},"21":{"start":{"line":13,"column":2},"end":{"line":13,"column":null}},"22":{"start":{"line":14,"column":2},"end":{"line":14,"column":null}},"23":{"start":{"line":15,"column":2},"end":{"line":15,"column":null}},"24":{"start":{"line":16,"column":2},"end":{"line":16,"column":null}},"25":{"start":{"line":17,"column":2},"end":{"line":17,"column":null}},"26":{"start":{"line":18,"column":2},"end":{"line":18,"column":null}},"27":{"start":{"line":19,"column":2},"end":{"line":19,"column":null}},"28":{"start":{"line":20,"column":2},"end":{"line":20,"column":null}}},"fnMap":{"0":{"name":"(anonymous_0)","decl":{"start":{"line":1,"column":8},"end":{"line":1,"column":17}},"loc":{"start":{"line":1,"column":8},"end":{"line":1,"column":19}}},"1":{"name":"(anonymous_1)","decl":{"start":{"line":1,"column":19},"end":{"line":1,"column":21}},"loc":{"start":{"line":1,"column":19},"end":{"line":1,"column":23}}},"2":{"name":"(anonymous_2)","decl":{"start":{"line":1,"column":23},"end":{"line":1,"column":25}},"loc":{"start":{"line":1,"column":23},"end":{"line":1,"column":27}}},"3":{"name":"(anonymous_3)","decl":{"start":{"line":1,"column":27},"end":{"line":1,"column":32}},"loc":{"start":{"line":1,"column":27},"end":{"line":1,"column":34}}},"4":{"name":"(anonymous_4)","decl":{"start":{"line":1,"column":34},"end":{"line":1,"column":38}},"loc":{"start":{"line":1,"column":34},"end":{"line":1,"column":55}}},"5":{"name":"(anonymous_5)","decl":{"start":{"line":2,"column":8},"end":{"line":2,"column":14}},"loc":{"start":{"line":2,"column":8},"end":{"line":2,"column":29}}},"6":{"name":"(anonymous_6)","decl":{"start":{"line":3,"column":8},"end":{"line":3,"column":19}},"loc":{"start":{"line":3,"column":8},"end":{"line":3,"column":21}}},"7":{"name":"(anonymous_7)","decl":{"start":{"line":3,"column":21},"end":{"line":3,"column":34}},"loc":{"start":{"line":3,"column":21},"end":{"line":3,"column":36}}},"8":{"name":"(anonymous_8)","decl":{"start":{"line":3,"column":36},"end":{"line":3,"column":39}},"loc":{"start":{"line":3,"column":36},"end":{"line":3,"column":58}}},"9":{"name":"(anonymous_9)","decl":{"start":{"line":5,"column":2},"end":{"line":5,"column":10}},"loc":{"start":{"line":5,"column":2},"end":{"line":5,"column":null}}},"10":{"name":"(anonymous_10)","decl":{"start":{"line":6,"column":2},"end":{"line":6,"column":18}},"loc":{"start":{"line":6,"column":2},"end":{"line":6,"column":null}}},"11":{"name":"(anonymous_11)","decl":{"start":{"line":7,"column":2},"end":{"line":7,"column":15}},"loc":{"start":{"line":7,"column":2},"end":{"line":7,"column":null}}},"12":{"name":"(anonymous_12)","decl":{"start":{"line":8,"column":2},"end":{"line":8,"column":24}},"loc":{"start":{"line":8,"column":2},"end":{"line":8,"column":null}}},"13":{"name":"(anonymous_13)","decl":{"start":{"line":9,"column":2},"end":{"line":9,"column":19}},"loc":{"start":{"line":9,"column":2},"end":{"line":9,"column":null}}},"14":{"name":"(anonymous_14)","decl":{"start":{"line":10,"column":2},"end":{"line":10,"column":15}},"loc":{"start":{"line":10,"column":2},"end":{"line":10,"column":null}}},"15":{"name":"(anonymous_15)","decl":{"start":{"line":11,"column":2},"end":{"line":11,"column":19}},"loc":{"start":{"line":11,"column":2},"end":{"line":11,"column":null}}},"16":{"name":"(anonymous_16)","decl":{"start":{"line":12,"column":2},"end":{"line":12,"column":13}},"loc":{"start":{"line":12,"column":2},"end":{"line":12,"column":null}}},"17":{"name":"(anonymous_17)","decl":{"start":{"line":13,"column":2},"end":{"line":13,"column":19}},"loc":{"start":{"line":13,"column":2},"end":{"line":13,"column":null}}},"18":{"name":"(anonymous_18)","decl":{"start":{"line":14,"column":2},"end":{"line":14,"column":21}},"loc":{"start":{"line":14,"column":2},"end":{"line":14,"column":null}}},"19":{"name":"(anonymous_19)","decl":{"start":{"line":15,"column":2},"end":{"line":15,"column":18}},"loc":{"start":{"line":15,"column":2},"end":{"line":15,"column":null}}},"20":{"name":"(anonymous_20)","decl":{"start":{"line":16,"column":2},"end":{"line":16,"column":14}},"loc":{"start":{"line":16,"column":2},"end":{"line":16,"column":null}}},"21":{"name":"(anonymous_21)","decl":{"start":{"line":17,"column":2},"end":{"line":17,"column":13}},"loc":{"start":{"line":17,"column":2},"end":{"line":17,"column":null}}},"22":{"name":"(anonymous_22)","decl":{"start":{"line":18,"column":2},"end":{"line":18,"column":13}},"loc":{"start":{"line":18,"column":2},"end":{"line":18,"column":null}}},"23":{"name":"(anonymous_23)","decl":{"start":{"line":19,"column":2},"end":{"line":19,"column":17}},"loc":{"start":{"line":19,"column":2},"end":{"line":19,"column":null}}},"24":{"name":"(anonymous_24)","decl":{"start":{"line":20,"column":2},"end":{"line":20,"column":20}},"loc":{"start":{"line":20,"column":2},"end":{"line":20,"column":null}}}},"branchMap":{},"s":{"0":1,"1":1,"2":1,"3":1,"4":1,"5":1,"6":1,"7":1,"8":1,"9":1,"10":1,"11":1,"12":1,"13":1,"14":1,"15":1,"16":1,"17":1,"18":1,"19":1,"20":1,"21":1,"22":1,"23":1,"24":1,"25":1,"26":1,"27":1,"28":1},"f":{"0":0,"1":0,"2":0,"3":0,"4":0,"5":0,"6":0,"7":0,"8":0,"9":0,"10":0,"11":0,"12":0,"13":0,"14":0,"15":0,"16":0,"17":0,"18":0,"19":0,"20":0,"21":0,"22":0,"23":0,"24":0},"b":{}}
,"/Users/stratis/dev/jscript/gen-funcs/src/arrays/index.ts": {"path":"/Users/stratis/dev/jscript/gen-funcs/src/arrays/index.ts","statementMap":{"0":{"start":{"line":1,"column":17},"end":{"line":5,"column":1}},"1":{"start":{"line":2,"column":11},"end":{"line":2,"column":15}},"2":{"start":{"line":3,"column":2},"end":{"line":3,"column":null}},"3":{"start":{"line":3,"column":18},"end":{"line":3,"column":null}},"4":{"start":{"line":4,"column":2},"end":{"line":4,"column":null}},"5":{"start":{"line":7,"column":59},"end":{"line":17,"column":1}},"6":{"start":{"line":8,"column":2},"end":{"line":8,"column":null}},"7":{"start":{"line":8,"column":16},"end":{"line":8,"column":null}},"8":{"start":{"line":9,"column":2},"end":{"line":9,"column":null}},"9":{"start":{"line":9,"column":10},"end":{"line":9,"column":null}},"10":{"start":{"line":10,"column":2},"end":{"line":10,"column":null}},"11":{"start":{"line":10,"column":10},"end":{"line":10,"column":null}},"12":{"start":{"line":12,"column":2},"end":{"line":16,"column":null}},"13":{"start":{"line":13,"column":4},"end":{"line":13,"column":null}},"14":{"start":{"line":13,"column":32},"end":{"line":13,"column":54}},"15":{"start":{"line":15,"column":4},"end":{"line":15,"column":null}},"16":{"start":{"line":15,"column":32},"end":{"line":15,"column":54}},"17":{"start":{"line":19,"column":13},"end":{"line":25,"column":null}},"18":{"start":{"line":20,"column":12},"end":{"line":20,"column":40}},"19":{"start":{"line":21,"column":2},"end":{"line":23,"column":null}},"20":{"start":{"line":21,"column":15},"end":{"line":21,"column":16}},"21":{"start":{"line":22,"column":4},"end":{"line":22,"column":null}},"22":{"start":{"line":24,"column":2},"end":{"line":24,"column":null}},"23":{"start":{"line":30,"column":2},"end":{"line":30,"column":null}},"24":{"start":{"line":30,"column":10},"end":{"line":30,"column":null}},"25":{"start":{"line":31,"column":2},"end":{"line":31,"column":null}},"26":{"start":{"line":31,"column":22},"end":{"line":31,"column":null}},"27":{"start":{"line":32,"column":19},"end":{"line":32,"column":20}},"28":{"start":{"line":33,"column":2},"end":{"line":35,"column":null}},"29":{"start":{"line":34,"column":4},"end":{"line":34,"column":null}},"30":{"start":{"line":36,"column":2},"end":{"line":36,"column":null}},"31":{"start":{"line":29,"column":0},"end":{"line":29,"column":16}},"32":{"start":{"line":42,"column":2},"end":{"line":42,"column":null}},"33":{"start":{"line":42,"column":10},"end":{"line":42,"column":null}},"34":{"start":{"line":43,"column":2},"end":{"line":43,"column":null}},"35":{"start":{"line":43,"column":22},"end":{"line":43,"column":null}},"36":{"start":{"line":44,"column":19},"end":{"line":44,"column":20}},"37":{"start":{"line":45,"column":2},"end":{"line":47,"column":null}},"38":{"start":{"line":46,"column":4},"end":{"line":46,"column":null}},"39":{"start":{"line":48,"column":2},"end":{"line":48,"column":null}},"40":{"start":{"line":41,"column":0},"end":{"line":41,"column":16}},"41":{"start":{"line":54,"column":2},"end":{"line":54,"column":null}},"42":{"start":{"line":54,"column":10},"end":{"line":54,"column":null}},"43":{"start":{"line":55,"column":2},"end":{"line":55,"column":null}},"44":{"start":{"line":55,"column":22},"end":{"line":55,"column":null}},"45":{"start":{"line":56,"column":2},"end":{"line":56,"column":null}},"46":{"start":{"line":53,"column":0},"end":{"line":53,"column":16}},"47":{"start":{"line":62,"column":2},"end":{"line":62,"column":null}},"48":{"start":{"line":62,"column":10},"end":{"line":62,"column":null}},"49":{"start":{"line":63,"column":2},"end":{"line":63,"column":null}},"50":{"start":{"line":63,"column":22},"end":{"line":63,"column":null}},"51":{"start":{"line":64,"column":2},"end":{"line":64,"column":25}},"52":{"start":{"line":61,"column":0},"end":{"line":61,"column":16}}},"fnMap":{"0":{"name":"(anonymous_0)","decl":{"start":{"line":1,"column":17},"end":{"line":1,"column":18}},"loc":{"start":{"line":1,"column":72},"end":{"line":5,"column":1}}},"1":{"name":"(anonymous_1)","decl":{"start":{"line":7,"column":59},"end":{"line":7,"column":60}},"loc":{"start":{"line":7,"column":68},"end":{"line":17,"column":1}}},"2":{"name":"(anonymous_2)","decl":{"start":{"line":13,"column":17},"end":{"line":13,"column":18}},"loc":{"start":{"line":13,"column":32},"end":{"line":13,"column":54}}},"3":{"name":"(anonymous_3)","decl":{"start":{"line":15,"column":17},"end":{"line":15,"column":18}},"loc":{"start":{"line":15,"column":32},"end":{"line":15,"column":54}}},"4":{"name":"(anonymous_4)","decl":{"start":{"line":19,"column":25},"end":{"line":19,"column":26}},"loc":{"start":{"line":19,"column":64},"end":{"line":25,"column":1}}},"5":{"name":"hd","decl":{"start":{"line":29,"column":16},"end":{"line":29,"column":18}},"loc":{"start":{"line":29,"column":24},"end":{"line":37,"column":1}}},"6":{"name":"tl","decl":{"start":{"line":41,"column":16},"end":{"line":41,"column":18}},"loc":{"start":{"line":41,"column":24},"end":{"line":49,"column":1}}},"7":{"name":"first","decl":{"start":{"line":53,"column":16},"end":{"line":53,"column":21}},"loc":{"start":{"line":53,"column":27},"end":{"line":57,"column":1}}},"8":{"name":"last","decl":{"start":{"line":61,"column":16},"end":{"line":61,"column":20}},"loc":{"start":{"line":61,"column":26},"end":{"line":65,"column":1}}}},"branchMap":{"0":{"loc":{"start":{"line":3,"column":2},"end":{"line":3,"column":null}},"type":"if","locations":[{"start":{"line":3,"column":2},"end":{"line":3,"column":null}},{"start":{"line":3,"column":2},"end":{"line":3,"column":null}}]},"1":{"loc":{"start":{"line":8,"column":2},"end":{"line":8,"column":null}},"type":"if","locations":[{"start":{"line":8,"column":2},"end":{"line":8,"column":null}},{"start":{"line":8,"column":2},"end":{"line":8,"column":null}}]},"2":{"loc":{"start":{"line":8,"column":6},"end":{"line":8,"column":8}},"type":"binary-expr","locations":[{"start":{"line":8,"column":6},"end":{"line":8,"column":8}},{"start":{"line":8,"column":12},"end":{"line":8,"column":14}}]},"3":{"loc":{"start":{"line":9,"column":2},"end":{"line":9,"column":null}},"type":"if","locations":[{"start":{"line":9,"column":2},"end":{"line":9,"column":null}},{"start":{"line":9,"column":2},"end":{"line":9,"column":null}}]},"4":{"loc":{"start":{"line":10,"column":2},"end":{"line":10,"column":null}},"type":"if","locations":[{"start":{"line":10,"column":2},"end":{"line":10,"column":null}},{"start":{"line":10,"column":2},"end":{"line":10,"column":null}}]},"5":{"loc":{"start":{"line":12,"column":2},"end":{"line":16,"column":null}},"type":"if","locations":[{"start":{"line":12,"column":2},"end":{"line":16,"column":null}},{"start":{"line":12,"column":2},"end":{"line":16,"column":null}}]},"6":{"loc":{"start":{"line":30,"column":2},"end":{"line":30,"column":null}},"type":"if","locations":[{"start":{"line":30,"column":2},"end":{"line":30,"column":null}},{"start":{"line":30,"column":2},"end":{"line":30,"column":null}}]},"7":{"loc":{"start":{"line":31,"column":2},"end":{"line":31,"column":null}},"type":"if","locations":[{"start":{"line":31,"column":2},"end":{"line":31,"column":null}},{"start":{"line":31,"column":2},"end":{"line":31,"column":null}}]},"8":{"loc":{"start":{"line":33,"column":2},"end":{"line":35,"column":null}},"type":"if","locations":[{"start":{"line":33,"column":2},"end":{"line":35,"column":null}},{"start":{"line":33,"column":2},"end":{"line":35,"column":null}}]},"9":{"loc":{"start":{"line":42,"column":2},"end":{"line":42,"column":null}},"type":"if","locations":[{"start":{"line":42,"column":2},"end":{"line":42,"column":null}},{"start":{"line":42,"column":2},"end":{"line":42,"column":null}}]},"10":{"loc":{"start":{"line":43,"column":2},"end":{"line":43,"column":null}},"type":"if","locations":[{"start":{"line":43,"column":2},"end":{"line":43,"column":null}},{"start":{"line":43,"column":2},"end":{"line":43,"column":null}}]},"11":{"loc":{"start":{"line":45,"column":2},"end":{"line":47,"column":null}},"type":"if","locations":[{"start":{"line":45,"column":2},"end":{"line":47,"column":null}},{"start":{"line":45,"column":2},"end":{"line":47,"column":null}}]},"12":{"loc":{"start":{"line":54,"column":2},"end":{"line":54,"column":null}},"type":"if","locations":[{"start":{"line":54,"column":2},"end":{"line":54,"column":null}},{"start":{"line":54,"column":2},"end":{"line":54,"column":null}}]},"13":{"loc":{"start":{"line":55,"column":2},"end":{"line":55,"column":null}},"type":"if","locations":[{"start":{"line":55,"column":2},"end":{"line":55,"column":null}},{"start":{"line":55,"column":2},"end":{"line":55,"column":null}}]},"14":{"loc":{"start":{"line":62,"column":2},"end":{"line":62,"column":null}},"type":"if","locations":[{"start":{"line":62,"column":2},"end":{"line":62,"column":null}},{"start":{"line":62,"column":2},"end":{"line":62,"column":null}}]},"15":{"loc":{"start":{"line":63,"column":2},"end":{"line":63,"column":null}},"type":"if","locations":[{"start":{"line":63,"column":2},"end":{"line":63,"column":null}},{"start":{"line":63,"column":2},"end":{"line":63,"column":null}}]}},"s":{"0":2,"1":16,"2":16,"3":10,"4":16,"5":2,"6":6,"7":1,"8":5,"9":0,"10":5,"11":1,"12":4,"13":1,"14":2,"15":3,"16":14,"17":2,"18":4,"19":4,"20":4,"21":2,"22":4,"23":6,"24":0,"25":6,"26":1,"27":5,"28":5,"29":2,"30":3,"31":2,"32":4,"33":0,"34":4,"35":1,"36":3,"37":3,"38":1,"39":2,"40":2,"41":2,"42":0,"43":2,"44":0,"45":2,"46":2,"47":2,"48":0,"49":2,"50":0,"51":2,"52":2},"f":{"0":16,"1":6,"2":2,"3":14,"4":4,"5":6,"6":4,"7":2,"8":2},"b":{"0":[10,6],"1":[1,5],"2":[6,1],"3":[0,5],"4":[1,4],"5":[1,3],"6":[0,6],"7":[1,5],"8":[2,3],"9":[0,4],"10":[1,3],"11":[1,2],"12":[0,2],"13":[0,2],"14":[0,2],"15":[0,2]}}
,"/Users/stratis/dev/jscript/gen-funcs/src/date-time/index.ts": {"path":"/Users/stratis/dev/jscript/gen-funcs/src/date-time/index.ts","statementMap":{"0":{"start":{"line":1,"column":0},"end":{"line":1,"column":null}},"1":{"start":{"line":9,"column":0},"end":{"line":9,"column":40}},"2":{"start":{"line":10,"column":0},"end":{"line":10,"column":36}},"3":{"start":{"line":11,"column":0},"end":{"line":11,"column":113}},"4":{"start":{"line":12,"column":0},"end":{"line":12,"column":45}},"5":{"start":{"line":17,"column":17},"end":{"line":17,"column":46}},"6":{"start":{"line":19,"column":13},"end":{"line":19,"column":39}},"7":{"start":{"line":20,"column":2},"end":{"line":20,"column":null}},"8":{"start":{"line":16,"column":0},"end":{"line":16,"column":16}},"9":{"start":{"line":25,"column":13},"end":{"line":34,"column":null}},"10":{"start":{"line":26,"column":2},"end":{"line":33,"column":null}},"11":{"start":{"line":27,"column":17},"end":{"line":27,"column":39}},"12":{"start":{"line":28,"column":18},"end":{"line":28,"column":40}},"13":{"start":{"line":29,"column":16},"end":{"line":29,"column":38}},"14":{"start":{"line":30,"column":4},"end":{"line":30,"column":null}},"15":{"start":{"line":32,"column":4},"end":{"line":32,"column":null}},"16":{"start":{"line":36,"column":13},"end":{"line":41,"column":null}},"17":{"start":{"line":37,"column":17},"end":{"line":37,"column":46}},"18":{"start":{"line":39,"column":13},"end":{"line":39,"column":39}},"19":{"start":{"line":40,"column":2},"end":{"line":40,"column":null}},"20":{"start":{"line":42,"column":13},"end":{"line":45,"column":null}},"21":{"start":{"line":43,"column":12},"end":{"line":43,"column":24}},"22":{"start":{"line":44,"column":2},"end":{"line":44,"column":null}},"23":{"start":{"line":47,"column":13},"end":{"line":49,"column":null}},"24":{"start":{"line":48,"column":2},"end":{"line":48,"column":null}},"25":{"start":{"line":48,"column":41},"end":{"line":48,"column":46}},"26":{"start":{"line":55,"column":13},"end":{"line":63,"column":null}},"27":{"start":{"line":56,"column":13},"end":{"line":56,"column":33}},"28":{"start":{"line":57,"column":2},"end":{"line":61,"column":null}},"29":{"start":{"line":58,"column":4},"end":{"line":60,"column":null}},"30":{"start":{"line":59,"column":6},"end":{"line":59,"column":null}},"31":{"start":{"line":62,"column":2},"end":{"line":62,"column":null}},"32":{"start":{"line":65,"column":18},"end":{"line":82,"column":1}},"33":{"start":{"line":66,"column":15},"end":{"line":66,"column":60}},"34":{"start":{"line":67,"column":16},"end":{"line":67,"column":61}},"35":{"start":{"line":68,"column":14},"end":{"line":68,"column":59}},"36":{"start":{"line":69,"column":15},"end":{"line":69,"column":60}},"37":{"start":{"line":70,"column":15},"end":{"line":70,"column":60}},"38":{"start":{"line":71,"column":14},"end":{"line":71,"column":59}},"39":{"start":{"line":72,"column":14},"end":{"line":72,"column":59}},"40":{"start":{"line":73,"column":2},"end":{"line":81,"column":null}},"41":{"start":{"line":84,"column":13},"end":{"line":86,"column":null}},"42":{"start":{"line":85,"column":2},"end":{"line":85,"column":null}},"43":{"start":{"line":93,"column":13},"end":{"line":96,"column":null}},"44":{"start":{"line":94,"column":20},"end":{"line":94,"column":56}},"45":{"start":{"line":95,"column":2},"end":{"line":95,"column":null}},"46":{"start":{"line":98,"column":13},"end":{"line":100,"column":null}},"47":{"start":{"line":99,"column":2},"end":{"line":99,"column":null}},"48":{"start":{"line":105,"column":2},"end":{"line":107,"column":null}},"49":{"start":{"line":106,"column":4},"end":{"line":106,"column":null}},"50":{"start":{"line":108,"column":23},"end":{"line":108,"column":25}},"51":{"start":{"line":109,"column":2},"end":{"line":111,"column":null}},"52":{"start":{"line":110,"column":4},"end":{"line":110,"column":null}},"53":{"start":{"line":112,"column":2},"end":{"line":112,"column":null}},"54":{"start":{"line":113,"column":2},"end":{"line":113,"column":null}},"55":{"start":{"line":104,"column":0},"end":{"line":104,"column":16}},"56":{"start":{"line":119,"column":41},"end":{"line":124,"column":null}},"57":{"start":{"line":125,"column":15},"end":{"line":125,"column":130}},"58":{"start":{"line":126,"column":2},"end":{"line":126,"column":null}},"59":{"start":{"line":127,"column":2},"end":{"line":127,"column":null}},"60":{"start":{"line":118,"column":0},"end":{"line":118,"column":16}},"61":{"start":{"line":130,"column":13},"end":{"line":149,"column":null}},"62":{"start":{"line":131,"column":2},"end":{"line":133,"column":null}},"63":{"start":{"line":132,"column":4},"end":{"line":132,"column":null}},"64":{"start":{"line":134,"column":15},"end":{"line":134,"column":17}},"65":{"start":{"line":135,"column":16},"end":{"line":135,"column":36}},"66":{"start":{"line":136,"column":2},"end":{"line":136,"column":null}},"67":{"start":{"line":137,"column":15},"end":{"line":137,"column":33}},"68":{"start":{"line":138,"column":2},"end":{"line":138,"column":null}},"69":{"start":{"line":139,"column":15},"end":{"line":139,"column":28}},"70":{"start":{"line":141,"column":2},"end":{"line":141,"column":null}},"71":{"start":{"line":142,"column":2},"end":{"line":147,"column":null}},"72":{"start":{"line":143,"column":15},"end":{"line":143,"column":36}},"73":{"start":{"line":144,"column":15},"end":{"line":144,"column":28}},"74":{"start":{"line":145,"column":17},"end":{"line":145,"column":36}},"75":{"start":{"line":146,"column":4},"end":{"line":146,"column":null}},"76":{"start":{"line":148,"column":2},"end":{"line":148,"column":null}},"77":{"start":{"line":151,"column":13},"end":{"line":154,"column":null}},"78":{"start":{"line":152,"column":2},"end":{"line":152,"column":null}},"79":{"start":{"line":152,"column":23},"end":{"line":152,"column":null}},"80":{"start":{"line":153,"column":2},"end":{"line":153,"column":null}},"81":{"start":{"line":156,"column":13},"end":{"line":159,"column":null}},"82":{"start":{"line":157,"column":2},"end":{"line":157,"column":null}},"83":{"start":{"line":157,"column":23},"end":{"line":157,"column":null}},"84":{"start":{"line":158,"column":2},"end":{"line":158,"column":null}},"85":{"start":{"line":161,"column":13},"end":{"line":173,"column":null}},"86":{"start":{"line":162,"column":2},"end":{"line":164,"column":null}},"87":{"start":{"line":163,"column":4},"end":{"line":163,"column":null}},"88":{"start":{"line":165,"column":2},"end":{"line":167,"column":null}},"89":{"start":{"line":166,"column":4},"end":{"line":166,"column":null}},"90":{"start":{"line":168,"column":2},"end":{"line":172,"column":null}},"91":{"start":{"line":169,"column":4},"end":{"line":169,"column":null}},"92":{"start":{"line":171,"column":4},"end":{"line":171,"column":null}},"93":{"start":{"line":175,"column":13},"end":{"line":181,"column":null}},"94":{"start":{"line":176,"column":10},"end":{"line":176,"column":15}},"95":{"start":{"line":177,"column":2},"end":{"line":177,"column":null}},"96":{"start":{"line":178,"column":2},"end":{"line":179,"column":null}},"97":{"start":{"line":179,"column":4},"end":{"line":179,"column":null}},"98":{"start":{"line":180,"column":2},"end":{"line":180,"column":null}}},"fnMap":{"0":{"name":"yyyymmdd","decl":{"start":{"line":16,"column":16},"end":{"line":16,"column":24}},"loc":{"start":{"line":16,"column":33},"end":{"line":21,"column":1}}},"1":{"name":"(anonymous_2)","decl":{"start":{"line":25,"column":38},"end":{"line":25,"column":39}},"loc":{"start":{"line":25,"column":66},"end":{"line":34,"column":1}}},"2":{"name":"(anonymous_3)","decl":{"start":{"line":36,"column":30},"end":{"line":36,"column":31}},"loc":{"start":{"line":36,"column":51},"end":{"line":41,"column":1}}},"3":{"name":"(anonymous_4)","decl":{"start":{"line":42,"column":33},"end":{"line":42,"column":34}},"loc":{"start":{"line":42,"column":55},"end":{"line":45,"column":1}}},"4":{"name":"(anonymous_5)","decl":{"start":{"line":47,"column":29},"end":{"line":47,"column":30}},"loc":{"start":{"line":47,"column":53},"end":{"line":49,"column":1}}},"5":{"name":"(anonymous_6)","decl":{"start":{"line":48,"column":31},"end":{"line":48,"column":32}},"loc":{"start":{"line":48,"column":41},"end":{"line":48,"column":46}}},"6":{"name":"(anonymous_7)","decl":{"start":{"line":55,"column":51},"end":{"line":55,"column":52}},"loc":{"start":{"line":55,"column":57},"end":{"line":63,"column":1}}},"7":{"name":"(anonymous_8)","decl":{"start":{"line":65,"column":18},"end":{"line":65,"column":19}},"loc":{"start":{"line":65,"column":56},"end":{"line":82,"column":1}}},"8":{"name":"(anonymous_9)","decl":{"start":{"line":84,"column":33},"end":{"line":84,"column":34}},"loc":{"start":{"line":84,"column":61},"end":{"line":86,"column":1}}},"9":{"name":"(anonymous_10)","decl":{"start":{"line":93,"column":32},"end":{"line":93,"column":33}},"loc":{"start":{"line":93,"column":59},"end":{"line":96,"column":1}}},"10":{"name":"(anonymous_11)","decl":{"start":{"line":98,"column":33},"end":{"line":98,"column":34}},"loc":{"start":{"line":98,"column":61},"end":{"line":100,"column":1}}},"11":{"name":"JsonDateToString","decl":{"start":{"line":104,"column":16},"end":{"line":104,"column":32}},"loc":{"start":{"line":104,"column":96},"end":{"line":114,"column":1}}},"12":{"name":"JsonDateToIsoString","decl":{"start":{"line":118,"column":16},"end":{"line":118,"column":35}},"loc":{"start":{"line":118,"column":42},"end":{"line":128,"column":1}}},"13":{"name":"(anonymous_14)","decl":{"start":{"line":130,"column":28},"end":{"line":130,"column":29}},"loc":{"start":{"line":130,"column":77},"end":{"line":149,"column":1}}},"14":{"name":"(anonymous_15)","decl":{"start":{"line":151,"column":27},"end":{"line":151,"column":28}},"loc":{"start":{"line":151,"column":57},"end":{"line":154,"column":1}}},"15":{"name":"(anonymous_16)","decl":{"start":{"line":156,"column":27},"end":{"line":156,"column":28}},"loc":{"start":{"line":156,"column":57},"end":{"line":159,"column":1}}},"16":{"name":"(anonymous_17)","decl":{"start":{"line":161,"column":31},"end":{"line":161,"column":32}},"loc":{"start":{"line":161,"column":96},"end":{"line":173,"column":1}}},"17":{"name":"(anonymous_18)","decl":{"start":{"line":175,"column":34},"end":{"line":175,"column":35}},"loc":{"start":{"line":175,"column":60},"end":{"line":181,"column":1}}}},"branchMap":{"0":{"loc":{"start":{"line":17,"column":21},"end":{"line":17,"column":33}},"type":"cond-expr","locations":[{"start":{"line":17,"column":21},"end":{"line":17,"column":33}},{"start":{"line":17,"column":36},"end":{"line":17,"column":46}}]},"1":{"loc":{"start":{"line":26,"column":2},"end":{"line":33,"column":null}},"type":"if","locations":[{"start":{"line":26,"column":2},"end":{"line":33,"column":null}},{"start":{"line":26,"column":2},"end":{"line":33,"column":null}}]},"2":{"loc":{"start":{"line":26,"column":6},"end":{"line":26,"column":21}},"type":"binary-expr","locations":[{"start":{"line":26,"column":6},"end":{"line":26,"column":21}},{"start":{"line":26,"column":25},"end":{"line":26,"column":39}}]},"3":{"loc":{"start":{"line":37,"column":21},"end":{"line":37,"column":33}},"type":"cond-expr","locations":[{"start":{"line":37,"column":21},"end":{"line":37,"column":33}},{"start":{"line":37,"column":36},"end":{"line":37,"column":46}}]},"4":{"loc":{"start":{"line":57,"column":2},"end":{"line":61,"column":null}},"type":"if","locations":[{"start":{"line":57,"column":2},"end":{"line":61,"column":null}},{"start":{"line":57,"column":2},"end":{"line":61,"column":null}}]},"5":{"loc":{"start":{"line":58,"column":4},"end":{"line":60,"column":null}},"type":"if","locations":[{"start":{"line":58,"column":4},"end":{"line":60,"column":null}},{"start":{"line":58,"column":4},"end":{"line":60,"column":null}}]},"6":{"loc":{"start":{"line":58,"column":8},"end":{"line":58,"column":19}},"type":"binary-expr","locations":[{"start":{"line":58,"column":8},"end":{"line":58,"column":19}},{"start":{"line":58,"column":23},"end":{"line":58,"column":32}},{"start":{"line":58,"column":36},"end":{"line":58,"column":47}},{"start":{"line":58,"column":51},"end":{"line":58,"column":60}},{"start":{"line":58,"column":64},"end":{"line":58,"column":75}}]},"7":{"loc":{"start":{"line":66,"column":44},"end":{"line":66,"column":56}},"type":"cond-expr","locations":[{"start":{"line":66,"column":44},"end":{"line":66,"column":56}},{"start":{"line":66,"column":59},"end":{"line":66,"column":60}}]},"8":{"loc":{"start":{"line":67,"column":45},"end":{"line":67,"column":57}},"type":"cond-expr","locations":[{"start":{"line":67,"column":45},"end":{"line":67,"column":57}},{"start":{"line":67,"column":60},"end":{"line":67,"column":61}}]},"9":{"loc":{"start":{"line":68,"column":43},"end":{"line":68,"column":55}},"type":"cond-expr","locations":[{"start":{"line":68,"column":43},"end":{"line":68,"column":55}},{"start":{"line":68,"column":58},"end":{"line":68,"column":59}}]},"10":{"loc":{"start":{"line":69,"column":44},"end":{"line":69,"column":56}},"type":"cond-expr","locations":[{"start":{"line":69,"column":44},"end":{"line":69,"column":56}},{"start":{"line":69,"column":59},"end":{"line":69,"column":60}}]},"11":{"loc":{"start":{"line":70,"column":44},"end":{"line":70,"column":56}},"type":"cond-expr","locations":[{"start":{"line":70,"column":44},"end":{"line":70,"column":56}},{"start":{"line":70,"column":59},"end":{"line":70,"column":60}}]},"12":{"loc":{"start":{"line":71,"column":43},"end":{"line":71,"column":55}},"type":"cond-expr","locations":[{"start":{"line":71,"column":43},"end":{"line":71,"column":55}},{"start":{"line":71,"column":58},"end":{"line":71,"column":59}}]},"13":{"loc":{"start":{"line":72,"column":43},"end":{"line":72,"column":55}},"type":"cond-expr","locations":[{"start":{"line":72,"column":43},"end":{"line":72,"column":55}},{"start":{"line":72,"column":58},"end":{"line":72,"column":59}}]},"14":{"loc":{"start":{"line":94,"column":24},"end":{"line":94,"column":45}},"type":"cond-expr","locations":[{"start":{"line":94,"column":24},"end":{"line":94,"column":45}},{"start":{"line":94,"column":48},"end":{"line":94,"column":56}}]},"15":{"loc":{"start":{"line":104,"column":74},"end":{"line":104,"column":96}},"type":"default-arg","locations":[{"start":{"line":104,"column":74},"end":{"line":104,"column":96}}]},"16":{"loc":{"start":{"line":105,"column":2},"end":{"line":107,"column":null}},"type":"if","locations":[{"start":{"line":105,"column":2},"end":{"line":107,"column":null}},{"start":{"line":105,"column":2},"end":{"line":107,"column":null}}]},"17":{"loc":{"start":{"line":105,"column":6},"end":{"line":105,"column":29}},"type":"binary-expr","locations":[{"start":{"line":105,"column":6},"end":{"line":105,"column":29}},{"start":{"line":105,"column":33},"end":{"line":105,"column":57}}]},"18":{"loc":{"start":{"line":109,"column":2},"end":{"line":111,"column":null}},"type":"if","locations":[{"start":{"line":109,"column":2},"end":{"line":111,"column":null}},{"start":{"line":109,"column":2},"end":{"line":111,"column":null}}]},"19":{"loc":{"start":{"line":130,"column":68},"end":{"line":130,"column":73}},"type":"default-arg","locations":[{"start":{"line":130,"column":68},"end":{"line":130,"column":73}}]},"20":{"loc":{"start":{"line":131,"column":2},"end":{"line":133,"column":null}},"type":"if","locations":[{"start":{"line":131,"column":2},"end":{"line":133,"column":null}},{"start":{"line":131,"column":2},"end":{"line":133,"column":null}}]},"21":{"loc":{"start":{"line":131,"column":6},"end":{"line":131,"column":21}},"type":"binary-expr","locations":[{"start":{"line":131,"column":6},"end":{"line":131,"column":21}},{"start":{"line":131,"column":25},"end":{"line":131,"column":32}}]},"22":{"loc":{"start":{"line":142,"column":2},"end":{"line":147,"column":null}},"type":"if","locations":[{"start":{"line":142,"column":2},"end":{"line":147,"column":null}},{"start":{"line":142,"column":2},"end":{"line":147,"column":null}}]},"23":{"loc":{"start":{"line":145,"column":25},"end":{"line":145,"column":30}},"type":"cond-expr","locations":[{"start":{"line":145,"column":25},"end":{"line":145,"column":30}},{"start":{"line":145,"column":33},"end":{"line":145,"column":36}}]},"24":{"loc":{"start":{"line":152,"column":2},"end":{"line":152,"column":null}},"type":"if","locations":[{"start":{"line":152,"column":2},"end":{"line":152,"column":null}},{"start":{"line":152,"column":2},"end":{"line":152,"column":null}}]},"25":{"loc":{"start":{"line":157,"column":2},"end":{"line":157,"column":null}},"type":"if","locations":[{"start":{"line":157,"column":2},"end":{"line":157,"column":null}},{"start":{"line":157,"column":2},"end":{"line":157,"column":null}}]},"26":{"loc":{"start":{"line":161,"column":87},"end":{"line":161,"column":92}},"type":"default-arg","locations":[{"start":{"line":161,"column":87},"end":{"line":161,"column":92}}]},"27":{"loc":{"start":{"line":162,"column":2},"end":{"line":164,"column":null}},"type":"if","locations":[{"start":{"line":162,"column":2},"end":{"line":164,"column":null}},{"start":{"line":162,"column":2},"end":{"line":164,"column":null}}]},"28":{"loc":{"start":{"line":162,"column":6},"end":{"line":162,"column":21}},"type":"binary-expr","locations":[{"start":{"line":162,"column":6},"end":{"line":162,"column":21}},{"start":{"line":162,"column":25},"end":{"line":162,"column":40}}]},"29":{"loc":{"start":{"line":165,"column":2},"end":{"line":167,"column":null}},"type":"if","locations":[{"start":{"line":165,"column":2},"end":{"line":167,"column":null}},{"start":{"line":165,"column":2},"end":{"line":167,"column":null}}]},"30":{"loc":{"start":{"line":168,"column":2},"end":{"line":172,"column":null}},"type":"if","locations":[{"start":{"line":168,"column":2},"end":{"line":172,"column":null}},{"start":{"line":168,"column":2},"end":{"line":172,"column":null}}]},"31":{"loc":{"start":{"line":178,"column":2},"end":{"line":179,"column":null}},"type":"if","locations":[{"start":{"line":178,"column":2},"end":{"line":179,"column":null}},{"start":{"line":178,"column":2},"end":{"line":179,"column":null}}]}},"s":{"0":1,"1":1,"2":1,"3":1,"4":1,"5":2,"6":2,"7":2,"8":1,"9":1,"10":1,"11":1,"12":1,"13":1,"14":1,"15":0,"16":1,"17":1,"18":1,"19":1,"20":1,"21":1,"22":1,"23":1,"24":2,"25":4,"26":1,"27":1,"28":1,"29":1,"30":1,"31":0,"32":1,"33":2,"34":2,"35":2,"36":2,"37":2,"38":2,"39":2,"40":2,"41":1,"42":1,"43":1,"44":1,"45":1,"46":1,"47":1,"48":0,"49":0,"50":0,"51":0,"52":0,"53":0,"54":0,"55":1,"56":2,"57":2,"58":2,"59":2,"60":1,"61":1,"62":0,"63":0,"64":0,"65":0,"66":0,"67":0,"68":0,"69":0,"70":0,"71":0,"72":0,"73":0,"74":0,"75":0,"76":0,"77":1,"78":0,"79":0,"80":0,"81":1,"82":0,"83":0,"84":0,"85":1,"86":0,"87":0,"88":0,"89":0,"90":0,"91":0,"92":0,"93":1,"94":3,"95":3,"96":3,"97":1,"98":3},"f":{"0":2,"1":1,"2":1,"3":1,"4":2,"5":4,"6":1,"7":2,"8":1,"9":1,"10":1,"11":0,"12":2,"13":0,"14":0,"15":0,"16":0,"17":3},"b":{"0":[1,1],"1":[1,0],"2":[1,1],"3":[1,0],"4":[1,0],"5":[1,0],"6":[1,1,1,1,1],"7":[2,0],"8":[2,0],"9":[2,0],"10":[2,0],"11":[2,0],"12":[2,0],"13":[1,1],"14":[1,0],"15":[0],"16":[0,0],"17":[0,0],"18":[0,0],"19":[0],"20":[0,0],"21":[0,0],"22":[0,0],"23":[0,0],"24":[0,0],"25":[0,0],"26":[0],"27":[0,0],"28":[0,0],"29":[0,0],"30":[0,0],"31":[1,2]}}
,"/Users/stratis/dev/jscript/gen-funcs/src/date-time/helpers/index.ts": {"path":"/Users/stratis/dev/jscript/gen-funcs/src/date-time/helpers/index.ts","statementMap":{"0":{"start":{"line":1,"column":0},"end":{"line":1,"column":40}},"1":{"start":{"line":9,"column":17},"end":{"line":9,"column":29}},"2":{"start":{"line":10,"column":17},"end":{"line":10,"column":43}},"3":{"start":{"line":11,"column":2},"end":{"line":11,"column":null}},"4":{"start":{"line":12,"column":2},"end":{"line":12,"column":null}},"5":{"start":{"line":8,"column":0},"end":{"line":8,"column":16}},"6":{"start":{"line":15,"column":13},"end":{"line":19,"column":null}},"7":{"start":{"line":16,"column":2},"end":{"line":18,"column":null}},"8":{"start":{"line":21,"column":13},"end":{"line":29,"column":null}},"9":{"start":{"line":22,"column":23},"end":{"line":22,"column":25}},"10":{"start":{"line":23,"column":2},"end":{"line":27,"column":null}},"11":{"start":{"line":24,"column":4},"end":{"line":24,"column":null}},"12":{"start":{"line":25,"column":4},"end":{"line":25,"column":null}},"13":{"start":{"line":26,"column":4},"end":{"line":26,"column":null}},"14":{"start":{"line":28,"column":2},"end":{"line":28,"column":null}},"15":{"start":{"line":31,"column":13},"end":{"line":36,"column":null}},"16":{"start":{"line":32,"column":2},"end":{"line":32,"column":null}},"17":{"start":{"line":32,"column":41},"end":{"line":32,"column":null}},"18":{"start":{"line":33,"column":13},"end":{"line":33,"column":40}},"19":{"start":{"line":35,"column":2},"end":{"line":35,"column":null}},"20":{"start":{"line":35,"column":24},"end":{"line":35,"column":30}},"21":{"start":{"line":35,"column":43},"end":{"line":35,"column":52}},"22":{"start":{"line":40,"column":13},"end":{"line":58,"column":null}},"23":{"start":{"line":41,"column":37},"end":{"line":41,"column":46}},"24":{"start":{"line":42,"column":23},"end":{"line":42,"column":25}},"25":{"start":{"line":43,"column":2},"end":{"line":57,"column":4}},"26":{"start":{"line":44,"column":4},"end":{"line":46,"column":null}},"27":{"start":{"line":45,"column":6},"end":{"line":45,"column":null}},"28":{"start":{"line":47,"column":4},"end":{"line":47,"column":null}},"29":{"start":{"line":48,"column":4},"end":{"line":48,"column":null}},"30":{"start":{"line":49,"column":4},"end":{"line":56,"column":null}},"31":{"start":{"line":50,"column":6},"end":{"line":50,"column":null}},"32":{"start":{"line":51,"column":6},"end":{"line":51,"column":null}},"33":{"start":{"line":52,"column":6},"end":{"line":55,"column":null}},"34":{"start":{"line":53,"column":8},"end":{"line":53,"column":null}},"35":{"start":{"line":54,"column":8},"end":{"line":54,"column":null}},"36":{"start":{"line":57,"column":4},"end":{"line":57,"column":null}},"37":{"start":{"line":60,"column":13},"end":{"line":69,"column":null}},"38":{"start":{"line":61,"column":10},"end":{"line":61,"column":15}},"39":{"start":{"line":63,"column":2},"end":{"line":63,"column":null}},"40":{"start":{"line":64,"column":13},"end":{"line":64,"column":36}},"41":{"start":{"line":65,"column":2},"end":{"line":67,"column":null}},"42":{"start":{"line":66,"column":4},"end":{"line":66,"column":null}},"43":{"start":{"line":67,"column":11},"end":{"line":67,"column":18}},"44":{"start":{"line":68,"column":2},"end":{"line":68,"column":null}}},"fnMap":{"0":{"name":"makeGMTtoLocalDate","decl":{"start":{"line":8,"column":16},"end":{"line":8,"column":34}},"loc":{"start":{"line":8,"column":42},"end":{"line":13,"column":1}}},"1":{"name":"(anonymous_2)","decl":{"start":{"line":15,"column":34},"end":{"line":15,"column":35}},"loc":{"start":{"line":15,"column":64},"end":{"line":19,"column":1}}},"2":{"name":"(anonymous_3)","decl":{"start":{"line":21,"column":33},"end":{"line":21,"column":34}},"loc":{"start":{"line":21,"column":56},"end":{"line":29,"column":1}}},"3":{"name":"(anonymous_4)","decl":{"start":{"line":31,"column":26},"end":{"line":31,"column":27}},"loc":{"start":{"line":31,"column":55},"end":{"line":36,"column":1}}},"4":{"name":"(anonymous_5)","decl":{"start":{"line":35,"column":19},"end":{"line":35,"column":20}},"loc":{"start":{"line":35,"column":24},"end":{"line":35,"column":30}}},"5":{"name":"(anonymous_6)","decl":{"start":{"line":35,"column":36},"end":{"line":35,"column":37}},"loc":{"start":{"line":35,"column":43},"end":{"line":35,"column":52}}},"6":{"name":"(anonymous_7)","decl":{"start":{"line":40,"column":33},"end":{"line":40,"column":34}},"loc":{"start":{"line":40,"column":93},"end":{"line":58,"column":1}}},"7":{"name":"(anonymous_8)","decl":{"start":{"line":60,"column":24},"end":{"line":60,"column":25}},"loc":{"start":{"line":60,"column":55},"end":{"line":69,"column":1}}}},"branchMap":{"0":{"loc":{"start":{"line":23,"column":2},"end":{"line":27,"column":null}},"type":"if","locations":[{"start":{"line":23,"column":2},"end":{"line":27,"column":null}},{"start":{"line":23,"column":2},"end":{"line":27,"column":null}}]},"1":{"loc":{"start":{"line":23,"column":6},"end":{"line":23,"column":7}},"type":"binary-expr","locations":[{"start":{"line":23,"column":6},"end":{"line":23,"column":7}},{"start":{"line":23,"column":11},"end":{"line":23,"column":23}}]},"2":{"loc":{"start":{"line":32,"column":2},"end":{"line":32,"column":null}},"type":"if","locations":[{"start":{"line":32,"column":2},"end":{"line":32,"column":null}},{"start":{"line":32,"column":2},"end":{"line":32,"column":null}}]},"3":{"loc":{"start":{"line":32,"column":6},"end":{"line":32,"column":21}},"type":"binary-expr","locations":[{"start":{"line":32,"column":6},"end":{"line":32,"column":21}},{"start":{"line":32,"column":25},"end":{"line":32,"column":39}}]},"4":{"loc":{"start":{"line":43,"column":2},"end":{"line":57,"column":4}},"type":"if","locations":[{"start":{"line":43,"column":2},"end":{"line":57,"column":4}},{"start":{"line":43,"column":2},"end":{"line":57,"column":4}}]},"5":{"loc":{"start":{"line":44,"column":4},"end":{"line":46,"column":null}},"type":"if","locations":[{"start":{"line":44,"column":4},"end":{"line":46,"column":null}},{"start":{"line":44,"column":4},"end":{"line":46,"column":null}}]},"6":{"loc":{"start":{"line":47,"column":55},"end":{"line":47,"column":95}},"type":"cond-expr","locations":[{"start":{"line":47,"column":55},"end":{"line":47,"column":95}},{"start":{"line":47,"column":98},"end":{"line":47,"column":104}}]},"7":{"loc":{"start":{"line":48,"column":55},"end":{"line":48,"column":89}},"type":"cond-expr","locations":[{"start":{"line":48,"column":55},"end":{"line":48,"column":89}},{"start":{"line":48,"column":92},"end":{"line":48,"column":96}}]},"8":{"loc":{"start":{"line":49,"column":4},"end":{"line":56,"column":null}},"type":"if","locations":[{"start":{"line":49,"column":4},"end":{"line":56,"column":null}},{"start":{"line":49,"column":4},"end":{"line":56,"column":null}}]},"9":{"loc":{"start":{"line":51,"column":56},"end":{"line":51,"column":89}},"type":"cond-expr","locations":[{"start":{"line":51,"column":56},"end":{"line":51,"column":89}},{"start":{"line":51,"column":92},"end":{"line":51,"column":96}}]},"10":{"loc":{"start":{"line":52,"column":6},"end":{"line":55,"column":null}},"type":"if","locations":[{"start":{"line":52,"column":6},"end":{"line":55,"column":null}},{"start":{"line":52,"column":6},"end":{"line":55,"column":null}}]},"11":{"loc":{"start":{"line":54,"column":58},"end":{"line":54,"column":91}},"type":"cond-expr","locations":[{"start":{"line":54,"column":58},"end":{"line":54,"column":91}},{"start":{"line":54,"column":94},"end":{"line":54,"column":99}}]},"12":{"loc":{"start":{"line":65,"column":2},"end":{"line":67,"column":null}},"type":"if","locations":[{"start":{"line":65,"column":2},"end":{"line":67,"column":null}},{"start":{"line":65,"column":2},"end":{"line":67,"column":null}}]}},"s":{"0":2,"1":5,"2":5,"3":5,"4":5,"5":2,"6":2,"7":3,"8":2,"9":2,"10":2,"11":2,"12":2,"13":2,"14":2,"15":2,"16":8,"17":0,"18":8,"19":8,"20":60,"21":54,"22":2,"23":2,"24":2,"25":2,"26":2,"27":2,"28":2,"29":2,"30":2,"31":2,"32":2,"33":2,"34":2,"35":2,"36":2,"37":2,"38":4,"39":4,"40":4,"41":4,"42":3,"43":1,"44":4},"f":{"0":5,"1":3,"2":2,"3":8,"4":60,"5":54,"6":2,"7":4},"b":{"0":[2,0],"1":[2,2],"2":[0,8],"3":[8,8],"4":[2,0],"5":[2,0],"6":[2,0],"7":[2,0],"8":[2,0],"9":[2,0],"10":[2,0],"11":[2,0],"12":[3,1]}}
,"/Users/stratis/dev/jscript/gen-funcs/src/jscript/index.ts": {"path":"/Users/stratis/dev/jscript/gen-funcs/src/jscript/index.ts","statementMap":{"0":{"start":{"line":5,"column":13},"end":{"line":7,"column":null}},"1":{"start":{"line":6,"column":2},"end":{"line":6,"column":null}},"2":{"start":{"line":9,"column":13},"end":{"line":11,"column":null}},"3":{"start":{"line":10,"column":2},"end":{"line":10,"column":null}},"4":{"start":{"line":13,"column":13},"end":{"line":30,"column":null}},"5":{"start":{"line":14,"column":2},"end":{"line":29,"column":null}},"6":{"start":{"line":15,"column":4},"end":{"line":17,"column":null}},"7":{"start":{"line":16,"column":6},"end":{"line":16,"column":null}},"8":{"start":{"line":18,"column":4},"end":{"line":24,"column":null}},"9":{"start":{"line":19,"column":6},"end":{"line":19,"column":null}},"10":{"start":{"line":21,"column":6},"end":{"line":23,"column":null}},"11":{"start":{"line":22,"column":8},"end":{"line":22,"column":null}},"12":{"start":{"line":25,"column":4},"end":{"line":28,"column":null}},"13":{"start":{"line":26,"column":22},"end":{"line":26,"column":null}},"14":{"start":{"line":27,"column":15},"end":{"line":27,"column":null}},"15":{"start":{"line":32,"column":23},"end":{"line":64,"column":1}},"16":{"start":{"line":33,"column":16},"end":{"line":33,"column":25}},"17":{"start":{"line":34,"column":17},"end":{"line":34,"column":26}},"18":{"start":{"line":43,"column":18},"end":{"line":43,"column":28}},"19":{"start":{"line":44,"column":19},"end":{"line":44,"column":29}},"20":{"start":{"line":59,"column":15},"end":{"line":59,"column":74}},"21":{"start":{"line":60,"column":21},"end":{"line":60,"column":81}},"22":{"start":{"line":61,"column":14},"end":{"line":61,"column":76}},"23":{"start":{"line":62,"column":20},"end":{"line":62,"column":68}},"24":{"start":{"line":63,"column":2},"end":{"line":63,"column":null}}},"fnMap":{"0":{"name":"(anonymous_0)","decl":{"start":{"line":5,"column":27},"end":{"line":5,"column":28}},"loc":{"start":{"line":5,"column":51},"end":{"line":7,"column":1}}},"1":{"name":"(anonymous_1)","decl":{"start":{"line":9,"column":29},"end":{"line":9,"column":30}},"loc":{"start":{"line":9,"column":51},"end":{"line":11,"column":1}}},"2":{"name":"(anonymous_2)","decl":{"start":{"line":13,"column":19},"end":{"line":13,"column":20}},"loc":{"start":{"line":13,"column":47},"end":{"line":30,"column":1}}},"3":{"name":"(anonymous_3)","decl":{"start":{"line":32,"column":23},"end":{"line":32,"column":24}},"loc":{"start":{"line":32,"column":79},"end":{"line":64,"column":1}}}},"branchMap":{"0":{"loc":{"start":{"line":6,"column":9},"end":{"line":6,"column":23}},"type":"binary-expr","locations":[{"start":{"line":6,"column":9},"end":{"line":6,"column":23}},{"start":{"line":6,"column":27},"end":{"line":6,"column":52}}]},"1":{"loc":{"start":{"line":14,"column":2},"end":{"line":29,"column":null}},"type":"if","locations":[{"start":{"line":14,"column":2},"end":{"line":29,"column":null}},{"start":{"line":14,"column":2},"end":{"line":29,"column":null}}]},"2":{"loc":{"start":{"line":15,"column":4},"end":{"line":17,"column":null}},"type":"if","locations":[{"start":{"line":15,"column":4},"end":{"line":17,"column":null}},{"start":{"line":15,"column":4},"end":{"line":17,"column":null}}]},"3":{"loc":{"start":{"line":18,"column":4},"end":{"line":24,"column":null}},"type":"if","locations":[{"start":{"line":18,"column":4},"end":{"line":24,"column":null}},{"start":{"line":18,"column":4},"end":{"line":24,"column":null}}]},"4":{"loc":{"start":{"line":21,"column":6},"end":{"line":23,"column":null}},"type":"if","locations":[{"start":{"line":21,"column":6},"end":{"line":23,"column":null}},{"start":{"line":21,"column":6},"end":{"line":23,"column":null}}]},"5":{"loc":{"start":{"line":26,"column":6},"end":{"line":26,"column":null}},"type":"switch","locations":[{"start":{"line":26,"column":6},"end":{"line":26,"column":null}},{"start":{"line":27,"column":6},"end":{"line":27,"column":null}}]},"6":{"loc":{"start":{"line":26,"column":67},"end":{"line":26,"column":73}},"type":"cond-expr","locations":[{"start":{"line":26,"column":67},"end":{"line":26,"column":73}},{"start":{"line":26,"column":76},"end":{"line":26,"column":83}}]},"7":{"loc":{"start":{"line":61,"column":32},"end":{"line":61,"column":47}},"type":"cond-expr","locations":[{"start":{"line":61,"column":32},"end":{"line":61,"column":47}},{"start":{"line":61,"column":50},"end":{"line":61,"column":76}}]},"8":{"loc":{"start":{"line":61,"column":58},"end":{"line":61,"column":71}},"type":"cond-expr","locations":[{"start":{"line":61,"column":58},"end":{"line":61,"column":71}},{"start":{"line":61,"column":74},"end":{"line":61,"column":76}}]},"9":{"loc":{"start":{"line":62,"column":28},"end":{"line":62,"column":60}},"type":"cond-expr","locations":[{"start":{"line":62,"column":28},"end":{"line":62,"column":60}},{"start":{"line":62,"column":63},"end":{"line":62,"column":68}}]}},"s":{"0":2,"1":6,"2":2,"3":4,"4":2,"5":2,"6":2,"7":0,"8":2,"9":0,"10":2,"11":0,"12":2,"13":0,"14":2,"15":2,"16":2,"17":2,"18":2,"19":2,"20":2,"21":2,"22":2,"23":2,"24":2},"f":{"0":6,"1":4,"2":2,"3":2},"b":{"0":[6,6],"1":[2,0],"2":[0,2],"3":[0,2],"4":[0,2],"5":[0,2],"6":[0,0],"7":[0,2],"8":[2,0],"9":[1,1]}}
,"/Users/stratis/dev/jscript/gen-funcs/src/math/index.ts": {"path":"/Users/stratis/dev/jscript/gen-funcs/src/math/index.ts","statementMap":{"0":{"start":{"line":1,"column":13},"end":{"line":4,"column":null}},"1":{"start":{"line":2,"column":2},"end":{"line":2,"column":null}},"2":{"start":{"line":2,"column":17},"end":{"line":2,"column":null}},"3":{"start":{"line":3,"column":2},"end":{"line":3,"column":null}}},"fnMap":{"0":{"name":"(anonymous_0)","decl":{"start":{"line":1,"column":22},"end":{"line":1,"column":23}},"loc":{"start":{"line":1,"column":60},"end":{"line":4,"column":1}}}},"branchMap":{"0":{"loc":{"start":{"line":1,"column":52},"end":{"line":1,"column":56}},"type":"default-arg","locations":[{"start":{"line":1,"column":52},"end":{"line":1,"column":56}}]},"1":{"loc":{"start":{"line":2,"column":2},"end":{"line":2,"column":null}},"type":"if","locations":[{"start":{"line":2,"column":2},"end":{"line":2,"column":null}},{"start":{"line":2,"column":2},"end":{"line":2,"column":null}}]},"2":{"loc":{"start":{"line":3,"column":17},"end":{"line":3,"column":48}},"type":"cond-expr","locations":[{"start":{"line":3,"column":17},"end":{"line":3,"column":48}},{"start":{"line":3,"column":51},"end":{"line":3,"column":70}}]}},"s":{"0":2,"1":1001,"2":1,"3":1000},"f":{"0":1001},"b":{"0":[1001],"1":[1,1000],"2":[1000,0]}}
}
