TN:
SF:src/index.ts
FN:1,(anonymous_0)
FN:1,(anonymous_1)
FN:1,(anonymous_2)
FN:1,(anonymous_3)
FN:1,(anonymous_4)
FN:2,(anonymous_5)
FN:3,(anonymous_6)
FN:3,(anonymous_7)
FN:3,(anonymous_8)
FN:5,(anonymous_9)
FN:6,(anonymous_10)
FN:7,(anonymous_11)
FN:8,(anonymous_12)
FN:9,(anonymous_13)
FN:10,(anonymous_14)
FN:11,(anonymous_15)
FN:12,(anonymous_16)
FN:13,(anonymous_17)
FN:14,(anonymous_18)
FN:15,(anonymous_19)
FN:16,(anonymous_20)
FN:17,(anonymous_21)
FN:18,(anonymous_22)
FN:19,(anonymous_23)
FN:20,(anonymous_24)
FNF:25
FNH:0
FNDA:0,(anonymous_0)
FNDA:0,(anonymous_1)
FNDA:0,(anonymous_2)
FNDA:0,(anonymous_3)
FNDA:0,(anonymous_4)
FNDA:0,(anonymous_5)
FNDA:0,(anonymous_6)
FNDA:0,(anonymous_7)
FNDA:0,(anonymous_8)
FNDA:0,(anonymous_9)
FNDA:0,(anonymous_10)
FNDA:0,(anonymous_11)
FNDA:0,(anonymous_12)
FNDA:0,(anonymous_13)
FNDA:0,(anonymous_14)
FNDA:0,(anonymous_15)
FNDA:0,(anonymous_16)
FNDA:0,(anonymous_17)
FNDA:0,(anonymous_18)
FNDA:0,(anonymous_19)
FNDA:0,(anonymous_20)
FNDA:0,(anonymous_21)
FNDA:0,(anonymous_22)
FNDA:0,(anonymous_23)
FNDA:0,(anonymous_24)
DA:1,1
DA:2,1
DA:3,1
DA:4,1
DA:5,1
DA:6,1
DA:7,1
DA:8,1
DA:9,1
DA:10,1
DA:11,1
DA:12,1
DA:13,1
DA:14,1
DA:15,1
DA:16,1
DA:17,1
DA:18,1
DA:19,1
DA:20,1
LF:20
LH:20
BRF:0
BRH:0
end_of_record
TN:
SF:src/arrays/index.ts
FN:1,(anonymous_0)
FN:7,(anonymous_1)
FN:13,(anonymous_2)
FN:15,(anonymous_3)
FN:19,(anonymous_4)
FN:29,hd
FN:41,tl
FN:53,first
FN:61,last
FNF:9
FNH:9
FNDA:16,(anonymous_0)
FNDA:6,(anonymous_1)
FNDA:2,(anonymous_2)
FNDA:14,(anonymous_3)
FNDA:4,(anonymous_4)
FNDA:6,hd
FNDA:4,tl
FNDA:2,first
FNDA:2,last
DA:1,2
DA:2,16
DA:3,16
DA:4,16
DA:7,2
DA:8,6
DA:9,5
DA:10,5
DA:12,4
DA:13,2
DA:15,14
DA:19,2
DA:20,4
DA:21,4
DA:22,2
DA:24,4
DA:29,2
DA:30,6
DA:31,6
DA:32,5
DA:33,5
DA:34,2
DA:36,3
DA:41,2
DA:42,4
DA:43,4
DA:44,3
DA:45,3
DA:46,1
DA:48,2
DA:53,2
DA:54,2
DA:55,2
DA:56,2
DA:61,2
DA:62,2
DA:63,2
DA:64,2
LF:38
LH:38
BRDA:3,0,0,10
BRDA:3,0,1,6
BRDA:8,1,0,1
BRDA:8,1,1,5
BRDA:8,2,0,6
BRDA:8,2,1,1
BRDA:9,3,0,0
BRDA:9,3,1,5
BRDA:10,4,0,1
BRDA:10,4,1,4
BRDA:12,5,0,1
BRDA:12,5,1,3
BRDA:30,6,0,0
BRDA:30,6,1,6
BRDA:31,7,0,1
BRDA:31,7,1,5
BRDA:33,8,0,2
BRDA:33,8,1,3
BRDA:42,9,0,0
BRDA:42,9,1,4
BRDA:43,10,0,1
BRDA:43,10,1,3
BRDA:45,11,0,1
BRDA:45,11,1,2
BRDA:54,12,0,0
BRDA:54,12,1,2
BRDA:55,13,0,0
BRDA:55,13,1,2
BRDA:62,14,0,0
BRDA:62,14,1,2
BRDA:63,15,0,0
BRDA:63,15,1,2
BRF:32
BRH:25
end_of_record
TN:
SF:src/date-time/index.ts
FN:16,yyyymmdd
FN:25,(anonymous_2)
FN:36,(anonymous_3)
FN:42,(anonymous_4)
FN:47,(anonymous_5)
FN:48,(anonymous_6)
FN:55,(anonymous_7)
FN:65,(anonymous_8)
FN:84,(anonymous_9)
FN:93,(anonymous_10)
FN:98,(anonymous_11)
FN:104,JsonDateToString
FN:118,JsonDateToIsoString
FN:130,(anonymous_14)
FN:151,(anonymous_15)
FN:156,(anonymous_16)
FN:161,(anonymous_17)
FN:175,(anonymous_18)
FNF:18
FNH:13
FNDA:2,yyyymmdd
FNDA:1,(anonymous_2)
FNDA:1,(anonymous_3)
FNDA:1,(anonymous_4)
FNDA:2,(anonymous_5)
FNDA:4,(anonymous_6)
FNDA:1,(anonymous_7)
FNDA:2,(anonymous_8)
FNDA:1,(anonymous_9)
FNDA:1,(anonymous_10)
FNDA:1,(anonymous_11)
FNDA:0,JsonDateToString
FNDA:2,JsonDateToIsoString
FNDA:0,(anonymous_14)
FNDA:0,(anonymous_15)
FNDA:0,(anonymous_16)
FNDA:0,(anonymous_17)
FNDA:3,(anonymous_18)
DA:1,1
DA:9,1
DA:10,1
DA:11,1
DA:12,1
DA:16,1
DA:17,2
DA:19,2
DA:20,2
DA:25,1
DA:26,1
DA:27,1
DA:28,1
DA:29,1
DA:30,1
DA:32,0
DA:36,1
DA:37,1
DA:39,1
DA:40,1
DA:42,1
DA:43,1
DA:44,1
DA:47,1
DA:48,4
DA:55,1
DA:56,1
DA:57,1
DA:58,1
DA:59,1
DA:62,0
DA:65,1
DA:66,2
DA:67,2
DA:68,2
DA:69,2
DA:70,2
DA:71,2
DA:72,2
DA:73,2
DA:84,1
DA:85,1
DA:93,1
DA:94,1
DA:95,1
DA:98,1
DA:99,1
DA:104,1
DA:105,0
DA:106,0
DA:108,0
DA:109,0
DA:110,0
DA:112,0
DA:113,0
DA:118,1
DA:119,2
DA:125,2
DA:126,2
DA:127,2
DA:130,1
DA:131,0
DA:132,0
DA:134,0
DA:135,0
DA:136,0
DA:137,0
DA:138,0
DA:139,0
DA:141,0
DA:142,0
DA:143,0
DA:144,0
DA:145,0
DA:146,0
DA:148,0
DA:151,1
DA:152,0
DA:153,0
DA:156,1
DA:157,0
DA:158,0
DA:161,1
DA:162,0
DA:163,0
DA:165,0
DA:166,0
DA:168,0
DA:169,0
DA:171,0
DA:175,1
DA:176,3
DA:177,3
DA:178,3
DA:179,1
DA:180,3
LF:96
LH:61
BRDA:17,0,0,1
BRDA:17,0,1,1
BRDA:26,1,0,1
BRDA:26,1,1,0
BRDA:26,2,0,1
BRDA:26,2,1,1
BRDA:37,3,0,1
BRDA:37,3,1,0
BRDA:57,4,0,1
BRDA:57,4,1,0
BRDA:58,5,0,1
BRDA:58,5,1,0
BRDA:58,6,0,1
BRDA:58,6,1,1
BRDA:58,6,2,1
BRDA:58,6,3,1
BRDA:58,6,4,1
BRDA:66,7,0,2
BRDA:66,7,1,0
BRDA:67,8,0,2
BRDA:67,8,1,0
BRDA:68,9,0,2
BRDA:68,9,1,0
BRDA:69,10,0,2
BRDA:69,10,1,0
BRDA:70,11,0,2
BRDA:70,11,1,0
BRDA:71,12,0,2
BRDA:71,12,1,0
BRDA:72,13,0,1
BRDA:72,13,1,1
BRDA:94,14,0,1
BRDA:94,14,1,0
BRDA:104,15,0,0
BRDA:105,16,0,0
BRDA:105,16,1,0
BRDA:105,17,0,0
BRDA:105,17,1,0
BRDA:109,18,0,0
BRDA:109,18,1,0
BRDA:130,19,0,0
BRDA:131,20,0,0
BRDA:131,20,1,0
BRDA:131,21,0,0
BRDA:131,21,1,0
BRDA:142,22,0,0
BRDA:142,22,1,0
BRDA:145,23,0,0
BRDA:145,23,1,0
BRDA:152,24,0,0
BRDA:152,24,1,0
BRDA:157,25,0,0
BRDA:157,25,1,0
BRDA:161,26,0,0
BRDA:162,27,0,0
BRDA:162,27,1,0
BRDA:162,28,0,0
BRDA:162,28,1,0
BRDA:165,29,0,0
BRDA:165,29,1,0
BRDA:168,30,0,0
BRDA:168,30,1,0
BRDA:178,31,0,1
BRDA:178,31,1,2
BRF:64
BRH:24
end_of_record
TN:
SF:src/date-time/helpers/index.ts
FN:8,makeGMTtoLocalDate
FN:15,(anonymous_2)
FN:21,(anonymous_3)
FN:31,(anonymous_4)
FN:35,(anonymous_5)
FN:35,(anonymous_6)
FN:40,(anonymous_7)
FN:60,(anonymous_8)
FNF:8
FNH:8
FNDA:5,makeGMTtoLocalDate
FNDA:3,(anonymous_2)
FNDA:2,(anonymous_3)
FNDA:8,(anonymous_4)
FNDA:60,(anonymous_5)
FNDA:54,(anonymous_6)
FNDA:2,(anonymous_7)
FNDA:4,(anonymous_8)
DA:1,2
DA:8,2
DA:9,5
DA:10,5
DA:11,5
DA:12,5
DA:15,2
DA:16,3
DA:21,2
DA:22,2
DA:23,2
DA:24,2
DA:25,2
DA:26,2
DA:28,2
DA:31,2
DA:32,8
DA:33,8
DA:35,60
DA:40,2
DA:41,2
DA:42,2
DA:43,2
DA:44,2
DA:45,2
DA:47,2
DA:48,2
DA:49,2
DA:50,2
DA:51,2
DA:52,2
DA:53,2
DA:54,2
DA:57,2
DA:60,2
DA:61,4
DA:63,4
DA:64,4
DA:65,4
DA:66,3
DA:67,1
DA:68,4
LF:42
LH:42
BRDA:23,0,0,2
BRDA:23,0,1,0
BRDA:23,1,0,2
BRDA:23,1,1,2
BRDA:32,2,0,0
BRDA:32,2,1,8
BRDA:32,3,0,8
BRDA:32,3,1,8
BRDA:43,4,0,2
BRDA:43,4,1,0
BRDA:44,5,0,2
BRDA:44,5,1,0
BRDA:47,6,0,2
BRDA:47,6,1,0
BRDA:48,7,0,2
BRDA:48,7,1,0
BRDA:49,8,0,2
BRDA:49,8,1,0
BRDA:51,9,0,2
BRDA:51,9,1,0
BRDA:52,10,0,2
BRDA:52,10,1,0
BRDA:54,11,0,2
BRDA:54,11,1,0
BRDA:65,12,0,3
BRDA:65,12,1,1
BRF:26
BRH:16
end_of_record
TN:
SF:src/jscript/index.ts
FN:5,(anonymous_0)
FN:9,(anonymous_1)
FN:13,(anonymous_2)
FN:32,(anonymous_3)
FNF:4
FNH:4
FNDA:6,(anonymous_0)
FNDA:4,(anonymous_1)
FNDA:2,(anonymous_2)
FNDA:2,(anonymous_3)
DA:5,2
DA:6,6
DA:9,2
DA:10,4
DA:13,2
DA:14,2
DA:15,2
DA:16,0
DA:18,2
DA:19,0
DA:21,2
DA:22,0
DA:25,2
DA:26,0
DA:27,2
DA:32,2
DA:33,2
DA:34,2
DA:43,2
DA:44,2
DA:59,2
DA:60,2
DA:61,2
DA:62,2
DA:63,2
LF:25
LH:21
BRDA:6,0,0,6
BRDA:6,0,1,6
BRDA:14,1,0,2
BRDA:14,1,1,0
BRDA:15,2,0,0
BRDA:15,2,1,2
BRDA:18,3,0,0
BRDA:18,3,1,2
BRDA:21,4,0,0
BRDA:21,4,1,2
BRDA:26,5,0,0
BRDA:26,5,1,2
BRDA:26,6,0,0
BRDA:26,6,1,0
BRDA:61,7,0,0
BRDA:61,7,1,2
BRDA:61,8,0,2
BRDA:61,8,1,0
BRDA:62,9,0,1
BRDA:62,9,1,1
BRF:20
BRH:11
end_of_record
TN:
SF:src/math/index.ts
FN:1,(anonymous_0)
FNF:1
FNH:1
FNDA:1001,(anonymous_0)
DA:1,2
DA:2,1001
DA:3,1000
LF:3
LH:3
BRDA:1,0,0,1001
BRDA:2,1,0,1
BRDA:2,1,1,1000
BRDA:3,2,0,1000
BRDA:3,2,1,0
BRF:5
BRH:4
end_of_record
